Validating found git in: git
Using git 2.23.4 from git
> git rev-parse --git-dir
Open repository: /tmp/terraform-aws-asg
> git status -z -u
> git symbolic-ref --short HEAD
> git for-each-ref --format=%(refname)%00%(upstream:short)%00%(objectname)%00%(upstream:track) refs/heads/main refs/remotes/main
> git for-each-ref --sort -committerdate --format %(refname) %(objectname) %(*objectname)
> git remote --verbose
> git config --get commit.template
> git check-ignore -v -z --stdin
> git show --textconv :README.md
> git ls-files --stage -- /tmp/terraform-aws-asg/README.md
> git cat-file -s 15a2dcf7540055fa13c6bef53929ef0c50039761
> git fetch
> git status -z -u
> git symbolic-ref --short HEAD
> git for-each-ref --format=%(refname)%00%(upstream:short)%00%(objectname)%00%(upstream:track) refs/heads/main refs/remotes/main
> git for-each-ref --sort -committerdate --format %(refname) %(objectname) %(*objectname)
> git remote --verbose
> git config --get commit.template
> git ls-files --stage -- /tmp/terraform-aws-asg/README.md
> git cat-file -s 15a2dcf7540055fa13c6bef53929ef0c50039761
> git show --textconv :README.md
> git status -z -u
> git symbolic-ref --short HEAD
> git for-each-ref --format=%(refname)%00%(upstream:short)%00%(objectname)%00%(upstream:track) refs/heads/main refs/remotes/main
> git for-each-ref --sort -committerdate --format %(refname) %(objectname) %(*objectname)
> git remote --verbose
> git config --get commit.template
> git ls-files --stage -- /tmp/terraform-aws-asg/README.md
> git cat-file -s 15a2dcf7540055fa13c6bef53929ef0c50039761
> git show --textconv :README.md
