[2021-07-29 13:06:35.863] [exthost] [info] extension host started
[2021-07-29 13:06:35.878] [exthost] [info] Lock '/home/ec2-user/.vscode-server/data/User/workspaceStorage/9cf55c7c58354e64bdc50704804ce391/vscode.lock': Lock acquired.
[2021-07-29 13:06:36.335] [exthost] [info] ExtensionService#_doActivateExtension vscode.debug-auto-launch {"startup":true,"extensionId":{"value":"vscode.debug-auto-launch","_lower":"vscode.debug-auto-launch"},"activationEvent":"*"}
[2021-07-29 13:06:36.336] [exthost] [info] ExtensionService#loadCommonJSModule file:///home/ec2-user/.vscode-server/bin/c3f126316369cd610563c75b1b1725e0679adfb3/extensions/debug-auto-launch/dist/extension
[2021-07-29 13:06:36.344] [exthost] [info] ExtensionService#_doActivateExtension vscode.git {"startup":true,"extensionId":{"value":"vscode.github","_lower":"vscode.github"},"activationEvent":"*"}
[2021-07-29 13:06:36.345] [exthost] [info] ExtensionService#loadCommonJSModule file:///home/ec2-user/.vscode-server/bin/c3f126316369cd610563c75b1b1725e0679adfb3/extensions/git/dist/main
[2021-07-29 13:06:37.637] [exthost] [info] ExtensionService#_doActivateExtension vscode.github {"startup":true,"extensionId":{"value":"vscode.github","_lower":"vscode.github"},"activationEvent":"*"}
[2021-07-29 13:06:37.639] [exthost] [info] ExtensionService#loadCommonJSModule file:///home/ec2-user/.vscode-server/bin/c3f126316369cd610563c75b1b1725e0679adfb3/extensions/github/dist/extension.js
[2021-07-29 13:06:38.020] [exthost] [warning] [Decorations] CAPPING events from decorations provider vscode.git 5000
[2021-07-29 13:06:39.633] [exthost] [info] ExtensionService#_doActivateExtension vscode.emmet {"startup":false,"extensionId":{"value":"vscode.emmet","_lower":"vscode.emmet"},"activationEvent":"onStartupFinished"}
[2021-07-29 13:06:39.634] [exthost] [info] ExtensionService#loadCommonJSModule file:///home/ec2-user/.vscode-server/bin/c3f126316369cd610563c75b1b1725e0679adfb3/extensions/emmet/dist/node/emmetNodeMain
[2021-07-29 13:06:39.662] [exthost] [info] ExtensionService#_doActivateExtension vscode.merge-conflict {"startup":false,"extensionId":{"value":"vscode.merge-conflict","_lower":"vscode.merge-conflict"},"activationEvent":"onStartupFinished"}
[2021-07-29 13:06:39.663] [exthost] [info] ExtensionService#loadCommonJSModule file:///home/ec2-user/.vscode-server/bin/c3f126316369cd610563c75b1b1725e0679adfb3/extensions/merge-conflict/dist/mergeConflictMain
[2021-07-29 13:06:39.670] [exthost] [info] ExtensionService#_doActivateExtension vscode.testing-editor-contributions {"startup":false,"extensionId":{"value":"vscode.testing-editor-contributions","_lower":"vscode.testing-editor-contributions"},"activationEvent":"onStartupFinished"}
[2021-07-29 13:06:39.673] [exthost] [info] ExtensionService#loadCommonJSModule file:///home/ec2-user/.vscode-server/bin/c3f126316369cd610563c75b1b1725e0679adfb3/extensions/testing-editor-contributions/dist/extension.js
[2021-07-29 13:06:39.675] [exthost] [info] eager extensions activated
[2021-07-29 13:06:40.485] [exthost] [info] ExtensionService#_doActivateExtension ms-vscode.js-debug {"startup":false,"extensionId":{"value":"ms-vscode.js-debug","_lower":"ms-vscode.js-debug"},"activationEvent":"onCommand:extension.js-debug.clearAutoAttachVariables"}
[2021-07-29 13:06:40.486] [exthost] [info] ExtensionService#loadCommonJSModule file:///home/ec2-user/.vscode-server/bin/c3f126316369cd610563c75b1b1725e0679adfb3/extensions/ms-vscode.js-debug/src/extension.js
[2021-07-29 13:06:42.321] [exthost] [warning] [Decorations] CAPPING events from decorations provider vscode.git 5000
[2021-07-29 13:09:42.771] [exthost] [warning] [Decorations] CAPPING events from decorations provider vscode.git 5000
[2021-07-29 13:12:43.243] [exthost] [warning] [Decorations] CAPPING events from decorations provider vscode.git 5000
[2021-07-29 13:15:43.764] [exthost] [warning] [Decorations] CAPPING events from decorations provider vscode.git 5000
[2021-07-29 13:18:44.247] [exthost] [warning] [Decorations] CAPPING events from decorations provider vscode.git 5000
[2021-07-29 13:21:44.885] [exthost] [warning] [Decorations] CAPPING events from decorations provider vscode.git 5000
[2021-07-29 13:24:47.647] [exthost] [warning] [Decorations] CAPPING events from decorations provider vscode.git 5000
[2021-07-29 13:28:44.684] [exthost] [warning] [Decorations] CAPPING events from decorations provider vscode.git 5000
[2021-07-29 13:34:30.448] [exthost] [warning] [Decorations] CAPPING events from decorations provider vscode.git 5000
[2021-07-29 13:37:30.927] [exthost] [warning] [Decorations] CAPPING events from decorations provider vscode.git 5000
[2021-07-29 13:40:31.551] [exthost] [warning] [Decorations] CAPPING events from decorations provider vscode.git 5000
[2021-07-29 13:43:32.038] [exthost] [warning] [Decorations] CAPPING events from decorations provider vscode.git 5000
[2021-07-29 13:46:32.504] [exthost] [warning] [Decorations] CAPPING events from decorations provider vscode.git 5000
[2021-07-29 13:52:43.103] [exthost] [warning] [Decorations] CAPPING events from decorations provider vscode.git 5000
[2021-07-29 13:55:50.602] [exthost] [warning] [Decorations] CAPPING events from decorations provider vscode.git 5000
[2021-07-29 13:58:51.278] [exthost] [warning] [Decorations] CAPPING events from decorations provider vscode.git 5000
[2021-07-29 14:01:56.280] [exthost] [warning] [Decorations] CAPPING events from decorations provider vscode.git 5000
[2021-07-29 14:08:39.581] [exthost] [warning] [Decorations] CAPPING events from decorations provider vscode.git 5000
