Validating found git in: git
Using git 2.23.4 from git
> git rev-parse --git-dir
Open repository: /home/ec2-user
> git status -z -u
> git symbolic-ref --short HEAD
> git for-each-ref --format=%(refname)%00%(upstream:short)%00%(objectname)%00%(upstream:track) refs/heads/master refs/remotes/master
> git for-each-ref --sort -committerdate --format %(refname) %(objectname) %(*objectname)
> git remote --verbose
> git config --get commit.template
> git check-ignore -v -z --stdin
> git show --textconv :interactive-learning-tasks/ec2/ec2.tf
> git show --textconv :interactive-learning-tasks/ec2/route53.tf
> git ls-files --stage -- /home/ec2-user/interactive-learning-tasks/ec2/ec2.tf
> git ls-files --stage -- /home/ec2-user/interactive-learning-tasks/ec2/route53.tf
> git fetch
> git status -z -u
> git symbolic-ref --short HEAD
> git for-each-ref --format=%(refname)%00%(upstream:short)%00%(objectname)%00%(upstream:track) refs/heads/master refs/remotes/master
> git for-each-ref --sort -committerdate --format %(refname) %(objectname) %(*objectname)
> git remote --verbose
> git config --get commit.template
> git ls-files --stage -- /home/ec2-user/interactive-learning-tasks/ec2/ec2.tf
> git ls-files --stage -- /home/ec2-user/interactive-learning-tasks/ec2/route53.tf
> git show --textconv :interactive-learning-tasks/ec2/ec2.tf
> git show --textconv :interactive-learning-tasks/ec2/route53.tf
> git check-ignore -v -z --stdin
> git show --textconv :interactive-learning-tasks/ec2/output.tf
> git ls-files --stage -- /home/ec2-user/interactive-learning-tasks/ec2/output.tf
> git show --textconv :interactive-learning-tasks/ec2/provider.tf
> git ls-files --stage -- /home/ec2-user/interactive-learning-tasks/ec2/provider.tf
> git log --format=%H%n%aN%n%aE%n%at%n%ct%n%P%n%B -z -n21 -- /home/ec2-user/interactive-learning-tasks/ec2/provider.tf
> git fetch
> git status -z -u
> git symbolic-ref --short HEAD
> git for-each-ref --format=%(refname)%00%(upstream:short)%00%(objectname)%00%(upstream:track) refs/heads/master refs/remotes/master
> git for-each-ref --sort -committerdate --format %(refname) %(objectname) %(*objectname)
> git remote --verbose
> git config --get commit.template
> git ls-files --stage -- /home/ec2-user/interactive-learning-tasks/ec2/output.tf
> git ls-files --stage -- /home/ec2-user/interactive-learning-tasks/ec2/provider.tf
> git show --textconv :interactive-learning-tasks/ec2/output.tf
> git show --textconv :interactive-learning-tasks/ec2/provider.tf
> git log --format=%H%n%aN%n%aE%n%at%n%ct%n%P%n%B -z -n21 -- /home/ec2-user/interactive-learning-tasks/ec2/ec2.tf
> git show --textconv :interactive-learning-tasks/ec2/ec2.tf
> git ls-files --stage -- /home/ec2-user/interactive-learning-tasks/ec2/ec2.tf
> git fetch
> git status -z -u
> git symbolic-ref --short HEAD
> git for-each-ref --format=%(refname)%00%(upstream:short)%00%(objectname)%00%(upstream:track) refs/heads/master refs/remotes/master
> git for-each-ref --sort -committerdate --format %(refname) %(objectname) %(*objectname)
> git remote --verbose
> git config --get commit.template
> git ls-files --stage -- /home/ec2-user/interactive-learning-tasks/ec2/output.tf
> git ls-files --stage -- /home/ec2-user/interactive-learning-tasks/ec2/ec2.tf
> git show --textconv :interactive-learning-tasks/ec2/output.tf
> git show --textconv :interactive-learning-tasks/ec2/ec2.tf
> git check-ignore -v -z --stdin
> git show --textconv :interactive-learning-tasks/ec2/userdata.sh
> git ls-files --stage -- /home/ec2-user/interactive-learning-tasks/ec2/userdata.sh
> git fetch
> git status -z -u
> git symbolic-ref --short HEAD
> git for-each-ref --format=%(refname)%00%(upstream:short)%00%(objectname)%00%(upstream:track) refs/heads/master refs/remotes/master
> git for-each-ref --sort -committerdate --format %(refname) %(objectname) %(*objectname)
> git remote --verbose
> git config --get commit.template
> git ls-files --stage -- /home/ec2-user/interactive-learning-tasks/ec2/output.tf
> git ls-files --stage -- /home/ec2-user/interactive-learning-tasks/ec2/userdata.sh
> git show --textconv :interactive-learning-tasks/ec2/output.tf
> git show --textconv :interactive-learning-tasks/ec2/userdata.sh
> git log --format=%H%n%aN%n%aE%n%at%n%ct%n%P%n%B -z -n21 -- /home/ec2-user/interactive-learning-tasks/ec2/output.tf
> git log --format=%H%n%aN%n%aE%n%at%n%ct%n%P%n%B -z -n41 -- /home/ec2-user/interactive-learning-tasks/ec2/output.tf
> git fetch
> git status -z -u
> git symbolic-ref --short HEAD
> git for-each-ref --format=%(refname)%00%(upstream:short)%00%(objectname)%00%(upstream:track) refs/heads/master refs/remotes/master
> git for-each-ref --sort -committerdate --format %(refname) %(objectname) %(*objectname)
> git remote --verbose
> git config --get commit.template
> git ls-files --stage -- /home/ec2-user/interactive-learning-tasks/ec2/output.tf
> git show --textconv :interactive-learning-tasks/ec2/output.tf
> git show --textconv :interactive-learning-tasks/ec2/route53.tf
> git ls-files --stage -- /home/ec2-user/interactive-learning-tasks/ec2/route53.tf
> git check-ignore -v -z --stdin
> git fetch
> git status -z -u
> git symbolic-ref --short HEAD
> git for-each-ref --format=%(refname)%00%(upstream:short)%00%(objectname)%00%(upstream:track) refs/heads/master refs/remotes/master
> git for-each-ref --sort -committerdate --format %(refname) %(objectname) %(*objectname)
> git remote --verbose
> git config --get commit.template
> git ls-files --stage -- /home/ec2-user/interactive-learning-tasks/ec2/output.tf
> git show --textconv :interactive-learning-tasks/ec2/output.tf
> git show --textconv :interactive-learning-tasks/ec2/ec2.tf
> git ls-files --stage -- /home/ec2-user/interactive-learning-tasks/ec2/ec2.tf
> git check-ignore -v -z --stdin
> git fetch
> git status -z -u
> git symbolic-ref --short HEAD
> git for-each-ref --format=%(refname)%00%(upstream:short)%00%(objectname)%00%(upstream:track) refs/heads/master refs/remotes/master
> git for-each-ref --sort -committerdate --format %(refname) %(objectname) %(*objectname)
> git remote --verbose
> git config --get commit.template
> git ls-files --stage -- /home/ec2-user/interactive-learning-tasks/ec2/ec2.tf
> git show --textconv :interactive-learning-tasks/ec2/ec2.tf
> git fetch
> git status -z -u
> git symbolic-ref --short HEAD
> git for-each-ref --format=%(refname)%00%(upstream:short)%00%(objectname)%00%(upstream:track) refs/heads/master refs/remotes/master
> git for-each-ref --sort -committerdate --format %(refname) %(objectname) %(*objectname)
> git remote --verbose
> git config --get commit.template
> git ls-files --stage -- /home/ec2-user/interactive-learning-tasks/ec2/ec2.tf
> git show --textconv :interactive-learning-tasks/ec2/ec2.tf
> git show --textconv :interactive-learning-tasks/ec2/output.tf
> git ls-files --stage -- /home/ec2-user/interactive-learning-tasks/ec2/output.tf
> git fetch
> git status -z -u
> git symbolic-ref --short HEAD
> git for-each-ref --format=%(refname)%00%(upstream:short)%00%(objectname)%00%(upstream:track) refs/heads/master refs/remotes/master
> git for-each-ref --sort -committerdate --format %(refname) %(objectname) %(*objectname)
> git remote --verbose
> git config --get commit.template
> git ls-files --stage -- /home/ec2-user/interactive-learning-tasks/ec2/output.tf
> git show --textconv :interactive-learning-tasks/ec2/output.tf
> git fetch
> git status -z -u
> git symbolic-ref --short HEAD
> git for-each-ref --format=%(refname)%00%(upstream:short)%00%(objectname)%00%(upstream:track) refs/heads/master refs/remotes/master
> git for-each-ref --sort -committerdate --format %(refname) %(objectname) %(*objectname)
> git remote --verbose
> git config --get commit.template
> git ls-files --stage -- /home/ec2-user/interactive-learning-tasks/ec2/output.tf
> git show --textconv :interactive-learning-tasks/ec2/output.tf
> git fetch
> git status -z -u
> git symbolic-ref --short HEAD
> git for-each-ref --format=%(refname)%00%(upstream:short)%00%(objectname)%00%(upstream:track) refs/heads/master refs/remotes/master
> git for-each-ref --sort -committerdate --format %(refname) %(objectname) %(*objectname)
> git remote --verbose
> git config --get commit.template
> git ls-files --stage -- /home/ec2-user/interactive-learning-tasks/ec2/output.tf
> git show --textconv :interactive-learning-tasks/ec2/output.tf
> git fetch
> git status -z -u
> git symbolic-ref --short HEAD
> git for-each-ref --format=%(refname)%00%(upstream:short)%00%(objectname)%00%(upstream:track) refs/heads/master refs/remotes/master
> git for-each-ref --sort -committerdate --format %(refname) %(objectname) %(*objectname)
> git remote --verbose
> git config --get commit.template
> git ls-files --stage -- /home/ec2-user/interactive-learning-tasks/ec2/output.tf
> git show --textconv :interactive-learning-tasks/ec2/output.tf
> git show --textconv :interactive-learning-tasks/ec2/route53.tf
> git ls-files --stage -- /home/ec2-user/interactive-learning-tasks/ec2/route53.tf
> git fetch
> git status -z -u
> git symbolic-ref --short HEAD
> git for-each-ref --format=%(refname)%00%(upstream:short)%00%(objectname)%00%(upstream:track) refs/heads/master refs/remotes/master
> git for-each-ref --sort -committerdate --format %(refname) %(objectname) %(*objectname)
> git remote --verbose
> git config --get commit.template
> git ls-files --stage -- /home/ec2-user/interactive-learning-tasks/ec2/route53.tf
> git show --textconv :interactive-learning-tasks/ec2/route53.tf
> git show --textconv :interactive-learning-tasks/ec2/output.tf
> git ls-files --stage -- /home/ec2-user/interactive-learning-tasks/ec2/output.tf
> git show --textconv :interactive-learning-tasks/ec2/route53.tf
> git ls-files --stage -- /home/ec2-user/interactive-learning-tasks/ec2/route53.tf
> git show --textconv :interactive-learning-tasks/ec2/output.tf
> git ls-files --stage -- /home/ec2-user/interactive-learning-tasks/ec2/output.tf
> git show --textconv :interactive-learning-tasks/ec2/route53.tf
> git ls-files --stage -- /home/ec2-user/interactive-learning-tasks/ec2/route53.tf
> git show --textconv :interactive-learning-tasks/ec2/output.tf
> git ls-files --stage -- /home/ec2-user/interactive-learning-tasks/ec2/output.tf
> git fetch
> git status -z -u
> git symbolic-ref --short HEAD
> git for-each-ref --format=%(refname)%00%(upstream:short)%00%(objectname)%00%(upstream:track) refs/heads/master refs/remotes/master
> git for-each-ref --sort -committerdate --format %(refname) %(objectname) %(*objectname)
> git remote --verbose
> git config --get commit.template
> git ls-files --stage -- /home/ec2-user/interactive-learning-tasks/ec2/output.tf
> git show --textconv :interactive-learning-tasks/ec2/output.tf
> git fetch
> git status -z -u
> git symbolic-ref --short HEAD
> git for-each-ref --format=%(refname)%00%(upstream:short)%00%(objectname)%00%(upstream:track) refs/heads/master refs/remotes/master
> git for-each-ref --sort -committerdate --format %(refname) %(objectname) %(*objectname)
> git remote --verbose
> git config --get commit.template
> git ls-files --stage -- /home/ec2-user/interactive-learning-tasks/ec2/output.tf
> git show --textconv :interactive-learning-tasks/ec2/output.tf
> git fetch
> git status -z -u
> git symbolic-ref --short HEAD
> git for-each-ref --format=%(refname)%00%(upstream:short)%00%(objectname)%00%(upstream:track) refs/heads/master refs/remotes/master
> git for-each-ref --sort -committerdate --format %(refname) %(objectname) %(*objectname)
> git remote --verbose
> git config --get commit.template
> git ls-files --stage -- /home/ec2-user/interactive-learning-tasks/ec2/output.tf
> git show --textconv :interactive-learning-tasks/ec2/output.tf
> git check-ignore -v -z --stdin
> git fetch
> git status -z -u
> git symbolic-ref --short HEAD
> git for-each-ref --format=%(refname)%00%(upstream:short)%00%(objectname)%00%(upstream:track) refs/heads/master refs/remotes/master
> git for-each-ref --sort -committerdate --format %(refname) %(objectname) %(*objectname)
> git remote --verbose
> git config --get commit.template
> git ls-files --stage -- /home/ec2-user/interactive-learning-tasks/ec2/output.tf
> git show --textconv :interactive-learning-tasks/ec2/output.tf
> git check-ignore -v -z --stdin
> git show --textconv :interactive-learning-tasks/ec2/route53.tf
> git ls-files --stage -- /home/ec2-user/interactive-learning-tasks/ec2/route53.tf
> git check-ignore -v -z --stdin
> git show --textconv :interactive-learning-tasks/ec2/ec2.tf
> git ls-files --stage -- /home/ec2-user/interactive-learning-tasks/ec2/ec2.tf
> git show --textconv :interactive-learning-tasks/key-pair/output.tf
> git ls-files --stage -- /home/ec2-user/interactive-learning-tasks/key-pair/output.tf
> git fetch
> git status -z -u
> git symbolic-ref --short HEAD
> git for-each-ref --format=%(refname)%00%(upstream:short)%00%(objectname)%00%(upstream:track) refs/heads/master refs/remotes/master
> git for-each-ref --sort -committerdate --format %(refname) %(objectname) %(*objectname)
> git remote --verbose
> git config --get commit.template
> git ls-files --stage -- /home/ec2-user/interactive-learning-tasks/key-pair/output.tf
> git show --textconv :interactive-learning-tasks/key-pair/output.tf
> git check-ignore -v -z --stdin
> git check-ignore -v -z --stdin
> git add -A -- .
> git push
fatal: The current branch master has no upstream branch.
To push the current branch and set the remote as upstream, use

    git push --set-upstream origin master
> git push -u origin master
