[2021-07-27 02:32:54.393] [exthost] [info] extension host started
[2021-07-27 02:32:54.406] [exthost] [info] Lock '/home/ec2-user/.vscode-server/data/User/workspaceStorage/552120166d2923d5e46f6c692ba775de/vscode.lock': Lock acquired.
[2021-07-27 02:32:54.731] [exthost] [info] ExtensionService#_doActivateExtension vscode.debug-auto-launch {"startup":true,"extensionId":{"value":"vscode.debug-auto-launch","_lower":"vscode.debug-auto-launch"},"activationEvent":"*"}
[2021-07-27 02:32:54.731] [exthost] [info] ExtensionService#loadCommonJSModule file:///home/ec2-user/.vscode-server/bin/2aeda6b18e13c4f4f9edf6667158a6b8d408874b/extensions/debug-auto-launch/dist/extension
[2021-07-27 02:32:54.740] [exthost] [info] ExtensionService#_doActivateExtension vscode.git {"startup":true,"extensionId":{"value":"vscode.github","_lower":"vscode.github"},"activationEvent":"*"}
[2021-07-27 02:32:54.740] [exthost] [info] ExtensionService#loadCommonJSModule file:///home/ec2-user/.vscode-server/bin/2aeda6b18e13c4f4f9edf6667158a6b8d408874b/extensions/git/dist/main
[2021-07-27 02:32:55.653] [exthost] [info] ExtensionService#_doActivateExtension vscode.github {"startup":true,"extensionId":{"value":"vscode.github","_lower":"vscode.github"},"activationEvent":"*"}
[2021-07-27 02:32:55.653] [exthost] [info] ExtensionService#loadCommonJSModule file:///home/ec2-user/.vscode-server/bin/2aeda6b18e13c4f4f9edf6667158a6b8d408874b/extensions/github/dist/extension.js
[2021-07-27 02:32:55.958] [exthost] [info] ExtensionService#_doActivateExtension vscode.emmet {"startup":false,"extensionId":{"value":"vscode.emmet","_lower":"vscode.emmet"},"activationEvent":"onStartupFinished"}
[2021-07-27 02:32:55.958] [exthost] [info] ExtensionService#loadCommonJSModule file:///home/ec2-user/.vscode-server/bin/2aeda6b18e13c4f4f9edf6667158a6b8d408874b/extensions/emmet/dist/node/emmetNodeMain
[2021-07-27 02:32:55.977] [exthost] [info] ExtensionService#_doActivateExtension vscode.merge-conflict {"startup":false,"extensionId":{"value":"vscode.merge-conflict","_lower":"vscode.merge-conflict"},"activationEvent":"onStartupFinished"}
[2021-07-27 02:32:55.977] [exthost] [info] ExtensionService#loadCommonJSModule file:///home/ec2-user/.vscode-server/bin/2aeda6b18e13c4f4f9edf6667158a6b8d408874b/extensions/merge-conflict/dist/mergeConflictMain
[2021-07-27 02:32:55.983] [exthost] [info] ExtensionService#_doActivateExtension vscode.testing-editor-contributions {"startup":false,"extensionId":{"value":"vscode.testing-editor-contributions","_lower":"vscode.testing-editor-contributions"},"activationEvent":"onStartupFinished"}
[2021-07-27 02:32:55.983] [exthost] [info] ExtensionService#loadCommonJSModule file:///home/ec2-user/.vscode-server/bin/2aeda6b18e13c4f4f9edf6667158a6b8d408874b/extensions/testing-editor-contributions/dist/extension.js
[2021-07-27 02:32:55.985] [exthost] [info] eager extensions activated
[2021-07-27 02:32:56.222] [exthost] [info] ExtensionService#_doActivateExtension ms-vscode.js-debug {"startup":false,"extensionId":{"value":"ms-vscode.js-debug","_lower":"ms-vscode.js-debug"},"activationEvent":"onCommand:extension.js-debug.clearAutoAttachVariables"}
[2021-07-27 02:32:56.222] [exthost] [info] ExtensionService#loadCommonJSModule file:///home/ec2-user/.vscode-server/bin/2aeda6b18e13c4f4f9edf6667158a6b8d408874b/extensions/ms-vscode.js-debug/src/extension.js
[2021-07-27 19:35:29.018] [exthost] [info] extension host terminating: renderer disconnected for too long (1)
[2021-07-27 19:35:29.019] [exthost] [info] Lock '/home/ec2-user/.vscode-server/data/User/workspaceStorage/552120166d2923d5e46f6c692ba775de/vscode.lock': Marking the lockfile as scheduled to be released in 6000 ms.
[2021-07-27 19:35:30.030] [exthost] [info] exiting with code 0
